<?xml version="1.0" encoding="UTF-8"?>
<testsuite xmlns:xsi="http://www.w3.org/2001/XMLSchema-instance" xsi:noNamespaceSchemaLocation="https://maven.apache.org/surefire/maven-surefire-plugin/xsd/surefire-test-report.xsd" name="loc.imad.AppTest" time="0.033" tests="1" errors="0" skipped="0" failures="0">
  <properties>
    <property name="sun.desktop" value="gnome"/>
    <property name="awt.toolkit" value="sun.awt.X11.XToolkit"/>
    <property name="java.specification.version" value="11"/>
    <property name="sun.cpu.isalist" value=""/>
    <property name="sun.jnu.encoding" value="UTF-8"/>
    <property name="java.class.path" value="/home/zubbyik/dev/testing-projects/pomdemo/target/test-classes:/home/zubbyik/dev/testing-projects/pomdemo/target/classes:/home/zubbyik/.m2/repository/org/hamcrest/hamcrest/2.2/hamcrest-2.2.jar:/home/zubbyik/.m2/repository/org/seleniumhq/selenium/selenium-java/3.141.59/selenium-java-3.141.59.jar:/home/zubbyik/.m2/repository/org/seleniumhq/selenium/selenium-api/3.141.59/selenium-api-3.141.59.jar:/home/zubbyik/.m2/repository/org/seleniumhq/selenium/selenium-chrome-driver/3.141.59/selenium-chrome-driver-3.141.59.jar:/home/zubbyik/.m2/repository/org/seleniumhq/selenium/selenium-edge-driver/3.141.59/selenium-edge-driver-3.141.59.jar:/home/zubbyik/.m2/repository/org/seleniumhq/selenium/selenium-firefox-driver/3.141.59/selenium-firefox-driver-3.141.59.jar:/home/zubbyik/.m2/repository/org/seleniumhq/selenium/selenium-ie-driver/3.141.59/selenium-ie-driver-3.141.59.jar:/home/zubbyik/.m2/repository/org/seleniumhq/selenium/selenium-opera-driver/3.141.59/selenium-opera-driver-3.141.59.jar:/home/zubbyik/.m2/repository/org/seleniumhq/selenium/selenium-remote-driver/3.141.59/selenium-remote-driver-3.141.59.jar:/home/zubbyik/.m2/repository/org/seleniumhq/selenium/selenium-safari-driver/3.141.59/selenium-safari-driver-3.141.59.jar:/home/zubbyik/.m2/repository/org/seleniumhq/selenium/selenium-support/3.141.59/selenium-support-3.141.59.jar:/home/zubbyik/.m2/repository/net/bytebuddy/byte-buddy/1.8.15/byte-buddy-1.8.15.jar:/home/zubbyik/.m2/repository/org/apache/commons/commons-exec/1.3/commons-exec-1.3.jar:/home/zubbyik/.m2/repository/com/google/guava/guava/25.0-jre/guava-25.0-jre.jar:/home/zubbyik/.m2/repository/com/google/code/findbugs/jsr305/1.3.9/jsr305-1.3.9.jar:/home/zubbyik/.m2/repository/org/checkerframework/checker-compat-qual/2.0.0/checker-compat-qual-2.0.0.jar:/home/zubbyik/.m2/repository/com/google/errorprone/error_prone_annotations/2.1.3/error_prone_annotations-2.1.3.jar:/home/zubbyik/.m2/repository/com/google/j2objc/j2objc-annotations/1.1/j2objc-annotations-1.1.jar:/home/zubbyik/.m2/repository/org/codehaus/mojo/animal-sniffer-annotations/1.14/animal-sniffer-annotations-1.14.jar:/home/zubbyik/.m2/repository/com/squareup/okhttp3/okhttp/3.11.0/okhttp-3.11.0.jar:/home/zubbyik/.m2/repository/com/squareup/okio/okio/1.14.0/okio-1.14.0.jar:/home/zubbyik/.m2/repository/io/github/bonigarcia/webdrivermanager/4.4.0/webdrivermanager-4.4.0.jar:/home/zubbyik/.m2/repository/commons-io/commons-io/2.8.0/commons-io-2.8.0.jar:/home/zubbyik/.m2/repository/com/google/code/gson/gson/2.8.6/gson-2.8.6.jar:/home/zubbyik/.m2/repository/org/apache/commons/commons-lang3/3.12.0/commons-lang3-3.12.0.jar:/home/zubbyik/.m2/repository/org/apache/httpcomponents/client5/httpclient5/5.0.3/httpclient5-5.0.3.jar:/home/zubbyik/.m2/repository/org/apache/httpcomponents/core5/httpcore5/5.0.2/httpcore5-5.0.2.jar:/home/zubbyik/.m2/repository/org/apache/httpcomponents/core5/httpcore5-h2/5.0.2/httpcore5-h2-5.0.2.jar:/home/zubbyik/.m2/repository/commons-codec/commons-codec/1.13/commons-codec-1.13.jar:/home/zubbyik/.m2/repository/org/rauschig/jarchivelib/1.1.0/jarchivelib-1.1.0.jar:/home/zubbyik/.m2/repository/org/apache/commons/commons-compress/1.20/commons-compress-1.20.jar:/home/zubbyik/.m2/repository/org/jsoup/jsoup/1.13.1/jsoup-1.13.1.jar:/home/zubbyik/.m2/repository/org/slf4j/slf4j-api/1.7.30/slf4j-api-1.7.30.jar:/home/zubbyik/.m2/repository/io/cucumber/cucumber-java/6.10.3/cucumber-java-6.10.3.jar:/home/zubbyik/.m2/repository/io/cucumber/cucumber-core/6.10.3/cucumber-core-6.10.3.jar:/home/zubbyik/.m2/repository/io/cucumber/cucumber-gherkin/6.10.3/cucumber-gherkin-6.10.3.jar:/home/zubbyik/.m2/repository/io/cucumber/cucumber-gherkin-messages/6.10.3/cucumber-gherkin-messages-6.10.3.jar:/home/zubbyik/.m2/repository/io/cucumber/messages/15.0.0/messages-15.0.0.jar:/home/zubbyik/.m2/repository/io/cucumber/tag-expressions/3.0.1/tag-expressions-3.0.1.jar:/home/zubbyik/.m2/repository/io/cucumber/cucumber-expressions/10.3.0/cucumber-expressions-10.3.0.jar:/home/zubbyik/.m2/repository/io/cucumber/datatable/3.5.0/datatable-3.5.0.jar:/home/zubbyik/.m2/repository/io/cucumber/cucumber-plugin/6.10.3/cucumber-plugin-6.10.3.jar:/home/zubbyik/.m2/repository/io/cucumber/docstring/6.10.3/docstring-6.10.3.jar:/home/zubbyik/.m2/repository/io/cucumber/html-formatter/13.0.0/html-formatter-13.0.0.jar:/home/zubbyik/.m2/repository/io/cucumber/create-meta/4.0.0/create-meta-4.0.0.jar:/home/zubbyik/.m2/repository/org/apiguardian/apiguardian-api/1.1.1/apiguardian-api-1.1.1.jar:/home/zubbyik/.m2/repository/io/cucumber/cucumber-junit/6.10.3/cucumber-junit-6.10.3.jar:/home/zubbyik/.m2/repository/junit/junit/4.13.2/junit-4.13.2.jar:/home/zubbyik/.m2/repository/org/hamcrest/hamcrest-core/1.3/hamcrest-core-1.3.jar:/home/zubbyik/.m2/repository/org/junit/jupiter/junit-jupiter-engine/5.7.1/junit-jupiter-engine-5.7.1.jar:/home/zubbyik/.m2/repository/org/junit/platform/junit-platform-engine/1.7.1/junit-platform-engine-1.7.1.jar:/home/zubbyik/.m2/repository/org/junit/jupiter/junit-jupiter-api/5.7.1/junit-jupiter-api-5.7.1.jar:/home/zubbyik/.m2/repository/org/opentest4j/opentest4j/1.2.0/opentest4j-1.2.0.jar:/home/zubbyik/.m2/repository/org/junit/platform/junit-platform-commons/1.7.1/junit-platform-commons-1.7.1.jar:/home/zubbyik/.m2/repository/org/junit/vintage/junit-vintage-engine/5.6.2/junit-vintage-engine-5.6.2.jar:"/>
    <property name="java.vm.vendor" value="Ubuntu"/>
    <property name="sun.arch.data.model" value="64"/>
    <property name="java.vendor.url" value="https://ubuntu.com/"/>
    <property name="user.timezone" value="Africa/Lagos"/>
    <property name="java.vm.specification.version" value="11"/>
    <property name="os.name" value="Linux"/>
    <property name="sun.java.launcher" value="SUN_STANDARD"/>
    <property name="user.country" value="NG"/>
    <property name="sun.boot.library.path" value="/usr/lib/jvm/java-11-openjdk-amd64/lib"/>
    <property name="sun.java.command" value="/home/zubbyik/dev/testing-projects/pomdemo/target/surefire/surefirebooter14407588357655947689.jar /home/zubbyik/dev/testing-projects/pomdemo/target/surefire 2021-04-20T09-32-24_629-jvmRun1 surefire17902122980530256830tmp surefire_011275275327788374367tmp"/>
    <property name="jdk.debug" value="release"/>
    <property name="surefire.test.class.path" value="/home/zubbyik/dev/testing-projects/pomdemo/target/test-classes:/home/zubbyik/dev/testing-projects/pomdemo/target/classes:/home/zubbyik/.m2/repository/org/hamcrest/hamcrest/2.2/hamcrest-2.2.jar:/home/zubbyik/.m2/repository/org/seleniumhq/selenium/selenium-java/3.141.59/selenium-java-3.141.59.jar:/home/zubbyik/.m2/repository/org/seleniumhq/selenium/selenium-api/3.141.59/selenium-api-3.141.59.jar:/home/zubbyik/.m2/repository/org/seleniumhq/selenium/selenium-chrome-driver/3.141.59/selenium-chrome-driver-3.141.59.jar:/home/zubbyik/.m2/repository/org/seleniumhq/selenium/selenium-edge-driver/3.141.59/selenium-edge-driver-3.141.59.jar:/home/zubbyik/.m2/repository/org/seleniumhq/selenium/selenium-firefox-driver/3.141.59/selenium-firefox-driver-3.141.59.jar:/home/zubbyik/.m2/repository/org/seleniumhq/selenium/selenium-ie-driver/3.141.59/selenium-ie-driver-3.141.59.jar:/home/zubbyik/.m2/repository/org/seleniumhq/selenium/selenium-opera-driver/3.141.59/selenium-opera-driver-3.141.59.jar:/home/zubbyik/.m2/repository/org/seleniumhq/selenium/selenium-remote-driver/3.141.59/selenium-remote-driver-3.141.59.jar:/home/zubbyik/.m2/repository/org/seleniumhq/selenium/selenium-safari-driver/3.141.59/selenium-safari-driver-3.141.59.jar:/home/zubbyik/.m2/repository/org/seleniumhq/selenium/selenium-support/3.141.59/selenium-support-3.141.59.jar:/home/zubbyik/.m2/repository/net/bytebuddy/byte-buddy/1.8.15/byte-buddy-1.8.15.jar:/home/zubbyik/.m2/repository/org/apache/commons/commons-exec/1.3/commons-exec-1.3.jar:/home/zubbyik/.m2/repository/com/google/guava/guava/25.0-jre/guava-25.0-jre.jar:/home/zubbyik/.m2/repository/com/google/code/findbugs/jsr305/1.3.9/jsr305-1.3.9.jar:/home/zubbyik/.m2/repository/org/checkerframework/checker-compat-qual/2.0.0/checker-compat-qual-2.0.0.jar:/home/zubbyik/.m2/repository/com/google/errorprone/error_prone_annotations/2.1.3/error_prone_annotations-2.1.3.jar:/home/zubbyik/.m2/repository/com/google/j2objc/j2objc-annotations/1.1/j2objc-annotations-1.1.jar:/home/zubbyik/.m2/repository/org/codehaus/mojo/animal-sniffer-annotations/1.14/animal-sniffer-annotations-1.14.jar:/home/zubbyik/.m2/repository/com/squareup/okhttp3/okhttp/3.11.0/okhttp-3.11.0.jar:/home/zubbyik/.m2/repository/com/squareup/okio/okio/1.14.0/okio-1.14.0.jar:/home/zubbyik/.m2/repository/io/github/bonigarcia/webdrivermanager/4.4.0/webdrivermanager-4.4.0.jar:/home/zubbyik/.m2/repository/commons-io/commons-io/2.8.0/commons-io-2.8.0.jar:/home/zubbyik/.m2/repository/com/google/code/gson/gson/2.8.6/gson-2.8.6.jar:/home/zubbyik/.m2/repository/org/apache/commons/commons-lang3/3.12.0/commons-lang3-3.12.0.jar:/home/zubbyik/.m2/repository/org/apache/httpcomponents/client5/httpclient5/5.0.3/httpclient5-5.0.3.jar:/home/zubbyik/.m2/repository/org/apache/httpcomponents/core5/httpcore5/5.0.2/httpcore5-5.0.2.jar:/home/zubbyik/.m2/repository/org/apache/httpcomponents/core5/httpcore5-h2/5.0.2/httpcore5-h2-5.0.2.jar:/home/zubbyik/.m2/repository/commons-codec/commons-codec/1.13/commons-codec-1.13.jar:/home/zubbyik/.m2/repository/org/rauschig/jarchivelib/1.1.0/jarchivelib-1.1.0.jar:/home/zubbyik/.m2/repository/org/apache/commons/commons-compress/1.20/commons-compress-1.20.jar:/home/zubbyik/.m2/repository/org/jsoup/jsoup/1.13.1/jsoup-1.13.1.jar:/home/zubbyik/.m2/repository/org/slf4j/slf4j-api/1.7.30/slf4j-api-1.7.30.jar:/home/zubbyik/.m2/repository/io/cucumber/cucumber-java/6.10.3/cucumber-java-6.10.3.jar:/home/zubbyik/.m2/repository/io/cucumber/cucumber-core/6.10.3/cucumber-core-6.10.3.jar:/home/zubbyik/.m2/repository/io/cucumber/cucumber-gherkin/6.10.3/cucumber-gherkin-6.10.3.jar:/home/zubbyik/.m2/repository/io/cucumber/cucumber-gherkin-messages/6.10.3/cucumber-gherkin-messages-6.10.3.jar:/home/zubbyik/.m2/repository/io/cucumber/messages/15.0.0/messages-15.0.0.jar:/home/zubbyik/.m2/repository/io/cucumber/tag-expressions/3.0.1/tag-expressions-3.0.1.jar:/home/zubbyik/.m2/repository/io/cucumber/cucumber-expressions/10.3.0/cucumber-expressions-10.3.0.jar:/home/zubbyik/.m2/repository/io/cucumber/datatable/3.5.0/datatable-3.5.0.jar:/home/zubbyik/.m2/repository/io/cucumber/cucumber-plugin/6.10.3/cucumber-plugin-6.10.3.jar:/home/zubbyik/.m2/repository/io/cucumber/docstring/6.10.3/docstring-6.10.3.jar:/home/zubbyik/.m2/repository/io/cucumber/html-formatter/13.0.0/html-formatter-13.0.0.jar:/home/zubbyik/.m2/repository/io/cucumber/create-meta/4.0.0/create-meta-4.0.0.jar:/home/zubbyik/.m2/repository/org/apiguardian/apiguardian-api/1.1.1/apiguardian-api-1.1.1.jar:/home/zubbyik/.m2/repository/io/cucumber/cucumber-junit/6.10.3/cucumber-junit-6.10.3.jar:/home/zubbyik/.m2/repository/junit/junit/4.13.2/junit-4.13.2.jar:/home/zubbyik/.m2/repository/org/hamcrest/hamcrest-core/1.3/hamcrest-core-1.3.jar:/home/zubbyik/.m2/repository/org/junit/jupiter/junit-jupiter-engine/5.7.1/junit-jupiter-engine-5.7.1.jar:/home/zubbyik/.m2/repository/org/junit/platform/junit-platform-engine/1.7.1/junit-platform-engine-1.7.1.jar:/home/zubbyik/.m2/repository/org/junit/jupiter/junit-jupiter-api/5.7.1/junit-jupiter-api-5.7.1.jar:/home/zubbyik/.m2/repository/org/opentest4j/opentest4j/1.2.0/opentest4j-1.2.0.jar:/home/zubbyik/.m2/repository/org/junit/platform/junit-platform-commons/1.7.1/junit-platform-commons-1.7.1.jar:/home/zubbyik/.m2/repository/org/junit/vintage/junit-vintage-engine/5.6.2/junit-vintage-engine-5.6.2.jar:"/>
    <property name="sun.cpu.endian" value="little"/>
    <property name="user.home" value="/home/zubbyik"/>
    <property name="user.language" value="en"/>
    <property name="java.specification.vendor" value="Oracle Corporation"/>
    <property name="java.version.date" value="2021-01-19"/>
    <property name="java.home" value="/usr/lib/jvm/java-11-openjdk-amd64"/>
    <property name="file.separator" value="/"/>
    <property name="basedir" value="/home/zubbyik/dev/testing-projects/pomdemo"/>
    <property name="java.vm.compressedOopsMode" value="32-bit"/>
    <property name="line.separator" value="&#10;"/>
    <property name="java.specification.name" value="Java Platform API Specification"/>
    <property name="java.vm.specification.vendor" value="Oracle Corporation"/>
    <property name="java.awt.graphicsenv" value="sun.awt.X11GraphicsEnvironment"/>
    <property name="surefire.real.class.path" value="/home/zubbyik/dev/testing-projects/pomdemo/target/surefire/surefirebooter14407588357655947689.jar"/>
    <property name="sun.management.compiler" value="HotSpot 64-Bit Tiered Compilers"/>
    <property name="java.runtime.version" value="11.0.10+9-Ubuntu-0ubuntu1.20.04"/>
    <property name="user.name" value="zubbyik"/>
    <property name="path.separator" value=":"/>
    <property name="os.version" value="5.4.0-72-generic"/>
    <property name="java.runtime.name" value="OpenJDK Runtime Environment"/>
    <property name="file.encoding" value="UTF-8"/>
    <property name="java.vm.name" value="OpenJDK 64-Bit Server VM"/>
    <property name="localRepository" value="/home/zubbyik/.m2/repository"/>
    <property name="java.vendor.url.bug" value="https://bugs.launchpad.net/ubuntu/+source/openjdk-lts"/>
    <property name="java.io.tmpdir" value="/tmp"/>
    <property name="java.version" value="11.0.10"/>
    <property name="user.dir" value="/home/zubbyik/dev/testing-projects/pomdemo"/>
    <property name="os.arch" value="amd64"/>
    <property name="java.vm.specification.name" value="Java Virtual Machine Specification"/>
    <property name="java.awt.printerjob" value="sun.print.PSPrinterJob"/>
    <property name="sun.os.patch.level" value="unknown"/>
    <property name="java.library.path" value="/usr/java/packages/lib:/usr/lib/x86_64-linux-gnu/jni:/lib/x86_64-linux-gnu:/usr/lib/x86_64-linux-gnu:/usr/lib/jni:/lib:/usr/lib"/>
    <property name="java.vm.info" value="mixed mode, sharing"/>
    <property name="java.vendor" value="Ubuntu"/>
    <property name="java.vm.version" value="11.0.10+9-Ubuntu-0ubuntu1.20.04"/>
    <property name="sun.io.unicode.encoding" value="UnicodeLittle"/>
    <property name="java.class.version" value="55.0"/>
  </properties>
  <testcase name="shouldAnswerWithTrue" classname="loc.imad.AppTest" time="0.016"/>
</testsuite>